Started Preparing at Sat Nov  7 02:29:52 EST 2015

TB 350.00 ST_aa_s2 {}
 Tree based clustering
 Start  aa[2] : 349  have LogL=-78.267 occ=6268.9

 Via    aa[2] : 23 gives LogL=-74.503 occ=6268.9

 End    aa[2] : 18 gives LogL=-74.675 occ=6268.9

 TB: Stats 349->18 [5.2%]  { 349->18 [5.2%] total }

TB 350.00 ST_aa_s3 {}
 Tree based clustering
 Start  aa[3] : 349  have LogL=-62.569 occ=15549.6

 Via    aa[3] : 29 gives LogL=-60.635 occ=15549.6

 End    aa[3] : 22 gives LogL=-60.762 occ=15549.6

 TB: Stats 349->22 [6.3%]  { 698->40 [5.7%] total }

TB 350.00 ST_aa_s4 {}
 Tree based clustering
 Start  aa[4] : 349  have LogL=-77.088 occ=5505.1

 Via    aa[4] : 13 gives LogL=-73.954 occ=5505.1

 End    aa[4] : 12 gives LogL=-74.001 occ=5505.1

 TB: Stats 349->12 [3.4%]  { 1047->52 [5.0%] total }

TB 350.00 ST_ae_s2 {}
 Tree based clustering
 Start  ae[2] : 364  have LogL=-74.149 occ=5603.5

 Via    ae[2] : 19 gives LogL=-70.861 occ=5603.5

 End    ae[2] : 15 gives LogL=-71.074 occ=5603.5

 TB: Stats 364->15 [4.1%]  { 1411->67 [4.7%] total }

TB 350.00 ST_ae_s3 {}
 Tree based clustering
 Start  ae[3] : 364  have LogL=-60.268 occ=15845.1

 Via    ae[3] : 28 gives LogL=-58.307 occ=15845.1

 End    ae[3] : 22 gives LogL=-58.411 occ=15845.1

 TB: Stats 364->22 [6.0%]  { 1775->89 [5.0%] total }

TB 350.00 ST_ae_s4 {}
 Tree based clustering
 Start  ae[4] : 364  have LogL=-76.301 occ=6476.6

 Via    ae[4] : 15 gives LogL=-73.312 occ=6476.6

 End    ae[4] : 15 gives LogL=-73.312 occ=6476.6

 TB: Stats 364->15 [4.1%]  { 2139->104 [4.9%] total }

TB 350.00 ST_ah_s2 {}
 Tree based clustering
 Start  ah[2] : 445  have LogL=-80.438 occ=4180.4

 Via    ah[2] : 14 gives LogL=-76.517 occ=4180.4

 End    ah[2] : 12 gives LogL=-76.654 occ=4180.4

 TB: Stats 445->12 [2.7%]  { 2584->116 [4.5%] total }

TB 350.00 ST_ah_s3 {}
 Tree based clustering
 Start  ah[3] : 445  have LogL=-69.621 occ=9392.3

 Via    ah[3] : 25 gives LogL=-67.635 occ=9392.3

 End    ah[3] : 18 gives LogL=-67.864 occ=9392.3

 TB: Stats 445->18 [4.0%]  { 3029->134 [4.4%] total }

TB 350.00 ST_ah_s4 {}
 Tree based clustering
 Start  ah[4] : 445  have LogL=-81.096 occ=4366.0

 Via    ah[4] : 17 gives LogL=-77.069 occ=4366.0

 End    ah[4] : 14 gives LogL=-77.248 occ=4366.0

 TB: Stats 445->14 [3.1%]  { 3474->148 [4.3%] total }

TB 350.00 ST_ao_s2 {}
 Tree based clustering
 Start  ao[2] : 343  have LogL=-80.396 occ=5711.7

 Via    ao[2] : 21 gives LogL=-76.830 occ=5711.7

 End    ao[2] : 17 gives LogL=-77.028 occ=5711.7

 TB: Stats 343->17 [5.0%]  { 3817->165 [4.3%] total }

TB 350.00 ST_ao_s3 {}
 Tree based clustering
 Start  ao[3] : 343  have LogL=-63.908 occ=13309.4

 Via    ao[3] : 29 gives LogL=-61.442 occ=13309.4

 End    ao[3] : 22 gives LogL=-61.597 occ=13309.4

 TB: Stats 343->22 [6.4%]  { 4160->187 [4.5%] total }

TB 350.00 ST_ao_s4 {}
 Tree based clustering
 Start  ao[4] : 343  have LogL=-78.058 occ=5342.4

 Via    ao[4] : 11 gives LogL=-74.030 occ=5342.4

 End    ao[4] : 10 gives LogL=-74.068 occ=5342.4

 TB: Stats 343->10 [2.9%]  { 4503->197 [4.4%] total }

TB 350.00 ST_aw_s2 {}
 Tree based clustering
 Start  aw[2] : 197  have LogL=-68.838 occ=3287.0

 Via    aw[2] : 9 gives LogL=-67.110 occ=3287.0

 End    aw[2] : 9 gives LogL=-67.110 occ=3287.0

 TB: Stats 197->9 [4.6%]  { 4700->206 [4.4%] total }

TB 350.00 ST_aw_s3 {}
 Tree based clustering
 Start  aw[3] : 197  have LogL=-60.636 occ=4966.4

 Via    aw[3] : 7 gives LogL=-59.647 occ=4966.4

 End    aw[3] : 6 gives LogL=-59.716 occ=4966.4

 TB: Stats 197->6 [3.0%]  { 4897->212 [4.3%] total }

TB 350.00 ST_aw_s4 {}
 Tree based clustering
 Start  aw[4] : 197  have LogL=-77.430 occ=2665.0

 Via    aw[4] : 7 gives LogL=-75.166 occ=2665.0

 End    aw[4] : 7 gives LogL=-75.166 occ=2665.0

 TB: Stats 197->7 [3.6%]  { 5094->219 [4.3%] total }

TB 350.00 ST_ax_s2 {}
 Tree based clustering
 Start  ax[2] : 573  have LogL=-81.800 occ=4453.1

 Via    ax[2] : 15 gives LogL=-78.300 occ=4453.1

 End    ax[2] : 13 gives LogL=-78.417 occ=4453.1

 TB: Stats 573->13 [2.3%]  { 5667->232 [4.1%] total }

TB 350.00 ST_ax_s3 {}
 Tree based clustering
 Start  ax[3] : 573  have LogL=-80.318 occ=5245.7

 Via    ax[3] : 14 gives LogL=-77.996 occ=5245.7

 End    ax[3] : 10 gives LogL=-78.233 occ=5245.7

 TB: Stats 573->10 [1.7%]  { 6240->242 [3.9%] total }

TB 350.00 ST_ax_s4 {}
 Tree based clustering
 Start  ax[4] : 573  have LogL=-81.700 occ=4370.4

 Via    ax[4] : 14 gives LogL=-77.579 occ=4370.4

 End    ax[4] : 12 gives LogL=-77.732 occ=4370.4

 TB: Stats 573->12 [2.1%]  { 6813->254 [3.7%] total }

TB 350.00 ST_axh_s2 {}
 Tree based clustering
 Start axh[2] : 121  have LogL=-81.430 occ=412.7

 Via   axh[2] : 1 gives LogL=-81.430 occ=412.7

 End   axh[2] : 1 gives LogL=-81.430 occ=412.7

 TB: Stats 121->1 [0.8%]  { 6934->255 [3.7%] total }

TB 350.00 ST_axh_s3 {}
 Tree based clustering
 Start axh[3] : 121  have LogL=-81.818 occ=385.2

 Via   axh[3] : 1 gives LogL=-81.818 occ=385.2

 End   axh[3] : 1 gives LogL=-81.818 occ=385.2

 TB: Stats 121->1 [0.8%]  { 7055->256 [3.6%] total }

TB 350.00 ST_axh_s4 {}
 Tree based clustering
 Start axh[4] : 121  have LogL=-82.587 occ=474.1

 Via   axh[4] : 2 gives LogL=-81.533 occ=474.1

 End   axh[4] : 2 gives LogL=-81.533 occ=474.1

 TB: Stats 121->2 [1.7%]  { 7176->258 [3.6%] total }

TB 350.00 ST_axr_s2 {}
 Tree based clustering
 Start axr[2] : 686  have LogL=-78.772 occ=6089.9

 Via   axr[2] : 18 gives LogL=-75.289 occ=6089.9

 End   axr[2] : 15 gives LogL=-75.395 occ=6089.9

 TB: Stats 686->15 [2.2%]  { 7862->273 [3.5%] total }

TB 350.00 ST_axr_s3 {}
 Tree based clustering
 Start axr[3] : 686  have LogL=-74.877 occ=7383.9

 Via   axr[3] : 20 gives LogL=-71.827 occ=7383.9

 End   axr[3] : 15 gives LogL=-72.010 occ=7383.9

 TB: Stats 686->15 [2.2%]  { 8548->288 [3.4%] total }

TB 350.00 ST_axr_s4 {}
 Tree based clustering
 Start axr[4] : 686  have LogL=-83.684 occ=4636.3

 Via   axr[4] : 18 gives LogL=-78.273 occ=4636.3

 End   axr[4] : 14 gives LogL=-78.555 occ=4636.3

 TB: Stats 686->14 [2.0%]  { 9234->302 [3.3%] total }

TB 350.00 ST_ay_s2 {}
 Tree based clustering
 Start  ay[2] : 398  have LogL=-75.341 occ=5879.5

 Via    ay[2] : 17 gives LogL=-72.029 occ=5879.5

 End    ay[2] : 14 gives LogL=-72.155 occ=5879.5

 TB: Stats 398->14 [3.5%]  { 9632->316 [3.3%] total }

TB 350.00 ST_ay_s3 {}
 Tree based clustering
 Start  ay[3] : 398  have LogL=-60.779 occ=13565.6

 Via    ay[3] : 27 gives LogL=-59.350 occ=13565.6

 End    ay[3] : 18 gives LogL=-59.531 occ=13565.6

 TB: Stats 398->18 [4.5%]  { 10030->334 [3.3%] total }

TB 350.00 ST_ay_s4 {}
 Tree based clustering
 Start  ay[4] : 398  have LogL=-73.383 occ=8142.8

 Via    ay[4] : 19 gives LogL=-71.106 occ=8142.8

 End    ay[4] : 16 gives LogL=-71.209 occ=8142.8

 TB: Stats 398->16 [4.0%]  { 10428->350 [3.4%] total }

TB 350.00 ST_b_s2 {}
 Tree based clustering
 Start   b[2] : 127  have LogL=-78.987 occ=3884.6

 Via     b[2] : 7 gives LogL=-77.917 occ=3884.6

 End     b[2] : 6 gives LogL=-77.953 occ=3884.6

 TB: Stats 127->6 [4.7%]  { 10555->356 [3.4%] total }

TB 350.00 ST_b_s3 {}
 Tree based clustering
 Start   b[3] : 127  have LogL=-82.560 occ=3003.3

 Via     b[3] : 9 gives LogL=-80.094 occ=3003.3

 End     b[3] : 7 gives LogL=-80.216 occ=3003.3

 TB: Stats 127->7 [5.5%]  { 10682->363 [3.4%] total }

TB 350.00 ST_b_s4 {}
 Tree based clustering
 Start   b[4] : 127  have LogL=-83.956 occ=3074.3

 Via     b[4] : 13 gives LogL=-79.685 occ=3074.3

 End     b[4] : 10 gives LogL=-79.883 occ=3074.3

 TB: Stats 127->10 [7.9%]  { 10809->373 [3.5%] total }

TB 350.00 ST_bcl_s2 {}
 Tree based clustering
 Start bcl[2] : 151  have LogL=-83.013 occ=2366.0

 Via   bcl[2] : 11 gives LogL=-77.978 occ=2366.0

 End   bcl[2] : 8 gives LogL=-78.269 occ=2366.0

 TB: Stats 151->8 [5.3%]  { 10960->381 [3.5%] total }

TB 350.00 ST_bcl_s3 {}
 Tree based clustering
 Start bcl[3] : 151  have LogL=-79.623 occ=2449.9

 Via   bcl[3] : 7 gives LogL=-76.786 occ=2449.9

 End   bcl[3] : 6 gives LogL=-76.917 occ=2449.9

 TB: Stats 151->6 [4.0%]  { 11111->387 [3.5%] total }

TB 350.00 ST_bcl_s4 {}
 Tree based clustering
 Start bcl[4] : 151  have LogL=-76.727 occ=3772.3

 Via   bcl[4] : 6 gives LogL=-75.269 occ=3772.3

 End   bcl[4] : 6 gives LogL=-75.269 occ=3772.3

 TB: Stats 151->6 [4.0%]  { 11262->393 [3.5%] total }

TB 350.00 ST_ch_s2 {}
 Tree based clustering
 Start  ch[2] : 95  have LogL=-74.686 occ=2670.3

 Via    ch[2] : 1 gives LogL=-74.686 occ=2670.3

 End    ch[2] : 1 gives LogL=-74.686 occ=2670.3

 TB: Stats 95->1 [1.1%]  { 11357->394 [3.5%] total }

TB 350.00 ST_ch_s3 {}
 Tree based clustering
 Start  ch[3] : 95  have LogL=-70.414 occ=2892.2

 Via    ch[3] : 3 gives LogL=-69.691 occ=2892.2

 End    ch[3] : 3 gives LogL=-69.691 occ=2892.2

 TB: Stats 95->3 [3.2%]  { 11452->397 [3.5%] total }

TB 350.00 ST_ch_s4 {}
 Tree based clustering
 Start  ch[4] : 95  have LogL=-80.846 occ=1892.6

 Via    ch[4] : 6 gives LogL=-78.474 occ=1892.6

 End    ch[4] : 4 gives LogL=-78.687 occ=1892.6

 TB: Stats 95->4 [4.2%]  { 11547->401 [3.5%] total }

TB 350.00 ST_d_s2 {}
 Tree based clustering
 Start   d[2] : 149  have LogL=-83.106 occ=3000.8

 Via     d[2] : 5 gives LogL=-82.248 occ=3000.8

 End     d[2] : 5 gives LogL=-82.248 occ=3000.8

 TB: Stats 149->5 [3.4%]  { 11696->406 [3.5%] total }

TB 350.00 ST_d_s3 {}
 Tree based clustering
 Start   d[3] : 149  have LogL=-83.306 occ=3323.2

 Via     d[3] : 9 gives LogL=-81.432 occ=3323.2

 End     d[3] : 7 gives LogL=-81.610 occ=3323.2

 TB: Stats 149->7 [4.7%]  { 11845->413 [3.5%] total }

TB 350.00 ST_d_s4 {}
 Tree based clustering
 Start   d[4] : 149  have LogL=-84.320 occ=3665.5

 Via     d[4] : 10 gives LogL=-80.677 occ=3665.5

 End     d[4] : 8 gives LogL=-80.791 occ=3665.5

 TB: Stats 149->8 [5.4%]  { 11994->421 [3.5%] total }

TB 350.00 ST_dcl_s2 {}
 Tree based clustering
 Start dcl[2] : 423  have LogL=-84.746 occ=5339.7

 Via   dcl[2] : 14 gives LogL=-80.381 occ=5339.7

 End   dcl[2] : 11 gives LogL=-80.474 occ=5339.7

 TB: Stats 423->11 [2.6%]  { 12417->432 [3.5%] total }

TB 350.00 ST_dcl_s3 {}
 Tree based clustering
 Start dcl[3] : 423  have LogL=-81.828 occ=6619.6

 Via   dcl[3] : 13 gives LogL=-79.370 occ=6619.6

 End   dcl[3] : 11 gives LogL=-79.432 occ=6619.6

 TB: Stats 423->11 [2.6%]  { 12840->443 [3.5%] total }

TB 350.00 ST_dcl_s4 {}
 Tree based clustering
 Start dcl[4] : 423  have LogL=-82.600 occ=6031.1

 Via   dcl[4] : 13 gives LogL=-80.286 occ=6031.1

 End   dcl[4] : 11 gives LogL=-80.398 occ=6031.1

 TB: Stats 423->11 [2.6%]  { 13263->454 [3.4%] total }

TB 350.00 ST_dh_s2 {}
 Tree based clustering
 Start  dh[2] : 343  have LogL=-80.097 occ=4465.2

 Via    dh[2] : 7 gives LogL=-77.521 occ=4465.2

 End    dh[2] : 6 gives LogL=-77.568 occ=4465.2

 TB: Stats 343->6 [1.7%]  { 13606->460 [3.4%] total }

TB 350.00 ST_dh_s3 {}
 Tree based clustering
 Start  dh[3] : 343  have LogL=-80.000 occ=3789.3

 Via    dh[3] : 6 gives LogL=-78.039 occ=3789.3

 End    dh[3] : 5 gives LogL=-78.104 occ=3789.3

 TB: Stats 343->5 [1.5%]  { 13949->465 [3.3%] total }

TB 350.00 ST_dh_s4 {}
 Tree based clustering
 Start  dh[4] : 343  have LogL=-78.938 occ=3465.0

 Via    dh[4] : 9 gives LogL=-76.791 occ=3465.0

 End    dh[4] : 8 gives LogL=-76.838 occ=3465.0

 TB: Stats 343->8 [2.3%]  { 14292->473 [3.3%] total }

TB 350.00 ST_dx_s2 {}
 Tree based clustering
 Start  dx[2] : 253  have LogL=-80.882 occ=2176.9

 Via    dx[2] : 7 gives LogL=-79.046 occ=2176.9

 End    dx[2] : 5 gives LogL=-79.282 occ=2176.9

 TB: Stats 253->5 [2.0%]  { 14545->478 [3.3%] total }

TB 350.00 ST_dx_s3 {}
 Tree based clustering
 Start  dx[3] : 253  have LogL=-81.969 occ=2070.4

 Via    dx[3] : 5 gives LogL=-80.933 occ=2070.4

 End    dx[3] : 3 gives LogL=-81.169 occ=2070.4

 TB: Stats 253->3 [1.2%]  { 14798->481 [3.3%] total }

TB 350.00 ST_dx_s4 {}
 Tree based clustering
 Start  dx[4] : 253  have LogL=-82.467 occ=2738.5

 Via    dx[4] : 5 gives LogL=-81.493 occ=2738.5

 End    dx[4] : 5 gives LogL=-81.493 occ=2738.5

 TB: Stats 253->5 [2.0%]  { 15051->486 [3.2%] total }

TB 350.00 ST_eh_s2 {}
 Tree based clustering
 Start  eh[2] : 465  have LogL=-77.924 occ=6138.4

 Via    eh[2] : 20 gives LogL=-73.881 occ=6138.4

 End    eh[2] : 17 gives LogL=-74.044 occ=6138.4

 TB: Stats 465->17 [3.7%]  { 15516->503 [3.2%] total }

TB 350.00 ST_eh_s3 {}
 Tree based clustering
 Start  eh[3] : 465  have LogL=-66.430 occ=14560.5

 Via    eh[3] : 31 gives LogL=-64.074 occ=14560.5

 End    eh[3] : 27 gives LogL=-64.148 occ=14560.5

 TB: Stats 465->27 [5.8%]  { 15981->530 [3.3%] total }

TB 350.00 ST_eh_s4 {}
 Tree based clustering
 Start  eh[4] : 465  have LogL=-78.767 occ=6365.6

 Via    eh[4] : 15 gives LogL=-74.840 occ=6365.6

 End    eh[4] : 14 gives LogL=-74.871 occ=6365.6

 TB: Stats 465->14 [3.0%]  { 16446->544 [3.3%] total }

TB 350.00 ST_el_s2 {}
 Tree based clustering
 Start  el[2] : 346  have LogL=-76.869 occ=2969.5

 Via    el[2] : 9 gives LogL=-74.961 occ=2969.5

 End    el[2] : 7 gives LogL=-75.161 occ=2969.5

 TB: Stats 346->7 [2.0%]  { 16792->551 [3.3%] total }

TB 350.00 ST_el_s3 {}
 Tree based clustering
 Start  el[3] : 346  have LogL=-71.140 occ=4250.4

 Via    el[3] : 10 gives LogL=-69.449 occ=4250.4

 End    el[3] : 8 gives LogL=-69.592 occ=4250.4

 TB: Stats 346->8 [2.3%]  { 17138->559 [3.3%] total }

TB 350.00 ST_el_s4 {}
 Tree based clustering
 Start  el[4] : 346  have LogL=-83.467 occ=2281.3

 Via    el[4] : 7 gives LogL=-79.671 occ=2281.3

 End    el[4] : 6 gives LogL=-79.809 occ=2281.3

 TB: Stats 346->6 [1.7%]  { 17484->565 [3.2%] total }

TB 350.00 ST_em_s2 {}
 Tree based clustering
 Start  em[2] : 65  have LogL=-81.114 occ=281.3

 Via    em[2] : 1 gives LogL=-81.114 occ=281.3

 End    em[2] : 1 gives LogL=-81.114 occ=281.3

 TB: Stats 65->1 [1.5%]  { 17549->566 [3.2%] total }

TB 350.00 ST_em_s3 {}
 Tree based clustering
 Start  em[3] : 65  have LogL=-70.339 occ=496.8

 Via    em[3] : 1 gives LogL=-70.339 occ=496.8

 End    em[3] : 1 gives LogL=-70.339 occ=496.8

 TB: Stats 65->1 [1.5%]  { 17614->567 [3.2%] total }

TB 350.00 ST_em_s4 {}
 Tree based clustering
 Start  em[4] : 65  have LogL=-79.436 occ=214.9

 Via    em[4] : 1 gives LogL=-79.436 occ=214.9

 End    em[4] : 1 gives LogL=-79.436 occ=214.9

 TB: Stats 65->1 [1.5%]  { 17679->568 [3.2%] total }

TB 350.00 ST_en_s2 {}
 Tree based clustering
 Start  en[2] : 251  have LogL=-82.231 occ=1568.5

 Via    en[2] : 3 gives LogL=-81.602 occ=1568.5

 End    en[2] : 3 gives LogL=-81.602 occ=1568.5

 TB: Stats 251->3 [1.2%]  { 17930->571 [3.2%] total }

TB 350.00 ST_en_s3 {}
 Tree based clustering
 Start  en[3] : 251  have LogL=-72.633 occ=2401.5

 Via    en[3] : 5 gives LogL=-71.668 occ=2401.5

 End    en[3] : 4 gives LogL=-71.801 occ=2401.5

 TB: Stats 251->4 [1.6%]  { 18181->575 [3.2%] total }

TB 350.00 ST_en_s4 {}
 Tree based clustering
 Start  en[4] : 251  have LogL=-81.197 occ=1320.1

 Via    en[4] : 4 gives LogL=-79.086 occ=1320.1

 End    en[4] : 4 gives LogL=-79.086 occ=1320.1

 TB: Stats 251->4 [1.6%]  { 18432->579 [3.1%] total }

TB 350.00 ST_eng_s2 {}
 Tree based clustering
 Start eng[2] : 20  have LogL=-81.972 occ=71.7

 Via   eng[2] : 1 gives LogL=-81.972 occ=71.7

 End   eng[2] : 1 gives LogL=-81.972 occ=71.7

 TB: Stats 20->1 [5.0%]  { 18452->580 [3.1%] total }

TB 350.00 ST_eng_s3 {}
 Tree based clustering
 Start eng[3] : 20  have LogL=-76.533 occ=72.8

 Via   eng[3] : 1 gives LogL=-76.533 occ=72.8

 End   eng[3] : 1 gives LogL=-76.533 occ=72.8

 TB: Stats 20->1 [5.0%]  { 18472->581 [3.1%] total }

TB 350.00 ST_eng_s4 {}
 Tree based clustering
 Start eng[4] : 20  have LogL=-73.610 occ=81.5

 Via   eng[4] : 1 gives LogL=-73.610 occ=81.5

 End   eng[4] : 1 gives LogL=-73.610 occ=81.5

 TB: Stats 20->1 [5.0%]  { 18492->582 [3.1%] total }

TB 350.00 ST_epi_s2 {}
 Tree based clustering
 Start epi[2] : 187  have LogL=-82.702 occ=1276.1

 Via   epi[2] : 5 gives LogL=-79.877 occ=1276.1

 End   epi[2] : 5 gives LogL=-79.877 occ=1276.1

 TB: Stats 187->5 [2.7%]  { 18679->587 [3.1%] total }

TB 350.00 ST_epi_s3 {}
 Tree based clustering
 Start epi[3] : 187  have LogL=-81.853 occ=1570.4

 Via   epi[3] : 4 gives LogL=-79.975 occ=1570.4

 End   epi[3] : 4 gives LogL=-79.975 occ=1570.4

 TB: Stats 187->4 [2.1%]  { 18866->591 [3.1%] total }

TB 350.00 ST_epi_s4 {}
 Tree based clustering
 Start epi[4] : 187  have LogL=-84.465 occ=1335.3

 Via   epi[4] : 4 gives LogL=-82.109 occ=1335.3

 End   epi[4] : 4 gives LogL=-82.109 occ=1335.3

 TB: Stats 187->4 [2.1%]  { 19053->595 [3.1%] total }

TB 350.00 ST_er_s2 {}
 Tree based clustering
 Start  er[2] : 572  have LogL=-79.437 occ=4386.8

 Via    er[2] : 18 gives LogL=-75.806 occ=4386.8

 End    er[2] : 13 gives LogL=-76.073 occ=4386.8

 TB: Stats 572->13 [2.3%]  { 19625->608 [3.1%] total }

TB 350.00 ST_er_s3 {}
 Tree based clustering
 Start  er[3] : 572  have LogL=-64.550 occ=10653.2

 Via    er[3] : 29 gives LogL=-62.896 occ=10653.2

 End    er[3] : 21 gives LogL=-63.105 occ=10653.2

 TB: Stats 572->21 [3.7%]  { 20197->629 [3.1%] total }

TB 350.00 ST_er_s4 {}
 Tree based clustering
 Start  er[4] : 572  have LogL=-81.396 occ=4798.0

 Via    er[4] : 21 gives LogL=-77.244 occ=4798.0

 End    er[4] : 18 gives LogL=-77.398 occ=4798.0

 TB: Stats 572->18 [3.1%]  { 20769->647 [3.1%] total }

TB 350.00 ST_ey_s2 {}
 Tree based clustering
 Start  ey[2] : 436  have LogL=-73.319 occ=6441.4

 Via    ey[2] : 14 gives LogL=-70.045 occ=6441.4

 End    ey[2] : 12 gives LogL=-70.137 occ=6441.4

 TB: Stats 436->12 [2.8%]  { 21205->659 [3.1%] total }

TB 350.00 ST_ey_s3 {}
 Tree based clustering
 Start  ey[3] : 436  have LogL=-61.451 occ=13427.1

 Via    ey[3] : 26 gives LogL=-59.858 occ=13427.1

 End    ey[3] : 19 gives LogL=-60.010 occ=13427.1

 TB: Stats 436->19 [4.4%]  { 21641->678 [3.1%] total }

TB 350.00 ST_ey_s4 {}
 Tree based clustering
 Start  ey[4] : 436  have LogL=-78.550 occ=6423.1

 Via    ey[4] : 17 gives LogL=-75.065 occ=6423.1

 End    ey[4] : 15 gives LogL=-75.158 occ=6423.1

 TB: Stats 436->15 [3.4%]  { 22077->693 [3.1%] total }

TB 350.00 ST_f_s2 {}
 Tree based clustering
 Start   f[2] : 609  have LogL=-78.556 occ=5348.5

 Via     f[2] : 13 gives LogL=-75.863 occ=5348.5

 End     f[2] : 10 gives LogL=-75.972 occ=5348.5

 TB: Stats 609->10 [1.6%]  { 22686->703 [3.1%] total }

TB 350.00 ST_f_s3 {}
 Tree based clustering
 Start   f[3] : 609  have LogL=-66.076 occ=12468.3

 Via     f[3] : 11 gives LogL=-65.607 occ=12468.3

 End     f[3] : 8 gives LogL=-65.670 occ=12468.3

 TB: Stats 609->8 [1.3%]  { 23295->711 [3.1%] total }

TB 350.00 ST_f_s4 {}
 Tree based clustering
 Start   f[4] : 609  have LogL=-79.958 occ=5430.6

 Via     f[4] : 15 gives LogL=-77.122 occ=5430.6

 End     f[4] : 10 gives LogL=-77.291 occ=5430.6

 TB: Stats 609->10 [1.6%]  { 23904->721 [3.0%] total }

TB 350.00 ST_g_s2 {}
 Tree based clustering
 Start   g[2] : 93  have LogL=-86.048 occ=1668.2

 Via     g[2] : 4 gives LogL=-85.023 occ=1668.2

 End     g[2] : 4 gives LogL=-85.023 occ=1668.2

 TB: Stats 93->4 [4.3%]  { 23997->725 [3.0%] total }

TB 350.00 ST_g_s3 {}
 Tree based clustering
 Start   g[3] : 93  have LogL=-86.485 occ=2246.1

 Via     g[3] : 7 gives LogL=-84.207 occ=2246.1

 End     g[3] : 6 gives LogL=-84.263 occ=2246.1

 TB: Stats 93->6 [6.5%]  { 24090->731 [3.0%] total }

TB 350.00 ST_g_s4 {}
 Tree based clustering
 Start   g[4] : 93  have LogL=-83.764 occ=2069.0

 Via     g[4] : 7 gives LogL=-80.566 occ=2069.0

 End     g[4] : 6 gives LogL=-80.679 occ=2069.0

 TB: Stats 93->6 [6.5%]  { 24183->737 [3.0%] total }

TB 350.00 ST_gcl_s2 {}
 Tree based clustering
 Start gcl[2] : 146  have LogL=-86.245 occ=2095.8

 Via   gcl[2] : 9 gives LogL=-82.898 occ=2095.8

 End   gcl[2] : 7 gives LogL=-83.115 occ=2095.8

 TB: Stats 146->7 [4.8%]  { 24329->744 [3.1%] total }

TB 350.00 ST_gcl_s3 {}
 Tree based clustering
 Start gcl[3] : 146  have LogL=-83.753 occ=2219.6

 Via   gcl[3] : 6 gives LogL=-82.093 occ=2219.6

 End   gcl[3] : 5 gives LogL=-82.177 occ=2219.6

 TB: Stats 146->5 [3.4%]  { 24475->749 [3.1%] total }

TB 350.00 ST_gcl_s4 {}
 Tree based clustering
 Start gcl[4] : 146  have LogL=-84.101 occ=2081.1

 Via   gcl[4] : 5 gives LogL=-82.512 occ=2081.1

 End   gcl[4] : 5 gives LogL=-82.512 occ=2081.1

 TB: Stats 146->5 [3.4%]  { 24621->754 [3.1%] total }

TB 350.00 ST_h#_s2 {}
 Tree based clustering
 Start  h#[2] : 1  have LogL=-67.404 occ=45885.5

 Via    h#[2] : 1 gives LogL=-67.404 occ=45885.5

 End    h#[2] : 1 gives LogL=-67.404 occ=45885.5

 TB: Stats 1->1 [100.0%]  { 24622->755 [3.1%] total }

TB 350.00 ST_h#_s3 {}
 Tree based clustering
 Start  h#[3] : 1  have LogL=-58.229 occ=53566.4

 Via    h#[3] : 1 gives LogL=-58.229 occ=53566.4

 End    h#[3] : 1 gives LogL=-58.229 occ=53566.4

 TB: Stats 1->1 [100.0%]  { 24623->756 [3.1%] total }

TB 350.00 ST_h#_s4 {}
 Tree based clustering
 Start  h#[4] : 1  have LogL=-73.259 occ=25902.5

 Via    h#[4] : 1 gives LogL=-73.259 occ=25902.5

 End    h#[4] : 1 gives LogL=-73.259 occ=25902.5

 TB: Stats 1->1 [100.0%]  { 24624->757 [3.1%] total }

TB 350.00 ST_hh_s2 {}
 Tree based clustering
 Start  hh[2] : 260  have LogL=-76.329 occ=3241.5

 Via    hh[2] : 5 gives LogL=-74.709 occ=3241.5

 End    hh[2] : 5 gives LogL=-74.709 occ=3241.5

 TB: Stats 260->5 [1.9%]  { 24884->762 [3.1%] total }

TB 350.00 ST_hh_s3 {}
 Tree based clustering
 Start  hh[3] : 260  have LogL=-77.646 occ=1931.4

 Via    hh[3] : 4 gives LogL=-76.221 occ=1931.4

 End    hh[3] : 4 gives LogL=-76.221 occ=1931.4

 TB: Stats 260->4 [1.5%]  { 25144->766 [3.0%] total }

TB 350.00 ST_hh_s4 {}
 Tree based clustering
 Start  hh[4] : 260  have LogL=-78.453 occ=1723.5

 Via    hh[4] : 5 gives LogL=-76.533 occ=1723.5

 End    hh[4] : 4 gives LogL=-76.717 occ=1723.5

 TB: Stats 260->4 [1.5%]  { 25404->770 [3.0%] total }

TB 350.00 ST_hv_s2 {}
 Tree based clustering
 Start  hv[2] : 276  have LogL=-76.033 occ=2690.9

 Via    hv[2] : 6 gives LogL=-75.050 occ=2690.9

 End    hv[2] : 5 gives LogL=-75.123 occ=2690.9

 TB: Stats 276->5 [1.8%]  { 25680->775 [3.0%] total }

TB 350.00 ST_hv_s3 {}
 Tree based clustering
 Start  hv[3] : 276  have LogL=-72.710 occ=1419.0

 Via    hv[3] : 3 gives LogL=-71.999 occ=1419.0

 End    hv[3] : 3 gives LogL=-71.999 occ=1419.0

 TB: Stats 276->3 [1.1%]  { 25956->778 [3.0%] total }

TB 350.00 ST_hv_s4 {}
 Tree based clustering
 Start  hv[4] : 276  have LogL=-71.733 occ=1278.7

 Via    hv[4] : 3 gives LogL=-70.918 occ=1278.7

 End    hv[4] : 3 gives LogL=-70.918 occ=1278.7

 TB: Stats 276->3 [1.1%]  { 26232->781 [3.0%] total }

TB 350.00 ST_ih_s2 {}
 Tree based clustering
 Start  ih[2] : 626  have LogL=-79.529 occ=6625.0

 Via    ih[2] : 23 gives LogL=-75.218 occ=6625.0

 End    ih[2] : 20 gives LogL=-75.334 occ=6625.0

 TB: Stats 626->20 [3.2%]  { 26858->801 [3.0%] total }

TB 350.00 ST_ih_s3 {}
 Tree based clustering
 Start  ih[3] : 626  have LogL=-70.857 occ=14635.1

 Via    ih[3] : 37 gives LogL=-68.366 occ=14635.1

 End    ih[3] : 28 gives LogL=-68.546 occ=14635.1

 TB: Stats 626->28 [4.5%]  { 27484->829 [3.0%] total }

TB 350.00 ST_ih_s4 {}
 Tree based clustering
 Start  ih[4] : 626  have LogL=-80.127 occ=6983.2

 Via    ih[4] : 17 gives LogL=-75.574 occ=6983.2

 End    ih[4] : 16 gives LogL=-75.598 occ=6983.2

 TB: Stats 626->16 [2.6%]  { 28110->845 [3.0%] total }

TB 350.00 ST_ix_s2 {}
 Tree based clustering
 Start  ix[2] : 763  have LogL=-80.435 occ=10081.6

 Via    ix[2] : 28 gives LogL=-76.536 occ=10081.6

 End    ix[2] : 23 gives LogL=-76.685 occ=10081.6

 TB: Stats 763->23 [3.0%]  { 28873->868 [3.0%] total }

TB 350.00 ST_ix_s3 {}
 Tree based clustering
 Start  ix[3] : 763  have LogL=-78.892 occ=11470.2

 Via    ix[3] : 30 gives LogL=-76.185 occ=11470.2

 End    ix[3] : 23 gives LogL=-76.352 occ=11470.2

 TB: Stats 763->23 [3.0%]  { 29636->891 [3.0%] total }

TB 350.00 ST_ix_s4 {}
 Tree based clustering
 Start  ix[4] : 763  have LogL=-81.840 occ=8717.3

 Via    ix[4] : 20 gives LogL=-77.697 occ=8717.3

 End    ix[4] : 20 gives LogL=-77.697 occ=8717.3

 TB: Stats 763->20 [2.6%]  { 30399->911 [3.0%] total }

TB 350.00 ST_iy_s2 {}
 Tree based clustering
 Start  iy[2] : 760  have LogL=-78.534 occ=10439.0

 Via    iy[2] : 23 gives LogL=-74.105 occ=10439.0

 End    iy[2] : 18 gives LogL=-74.242 occ=10439.0

 TB: Stats 760->18 [2.4%]  { 31159->929 [3.0%] total }

TB 350.00 ST_iy_s3 {}
 Tree based clustering
 Start  iy[3] : 760  have LogL=-67.325 occ=23266.2

 Via    iy[3] : 49 gives LogL=-64.964 occ=23266.2

 End    iy[3] : 36 gives LogL=-65.116 occ=23266.2

 TB: Stats 760->36 [4.7%]  { 31919->965 [3.0%] total }

TB 350.00 ST_iy_s4 {}
 Tree based clustering
 Start  iy[4] : 760  have LogL=-81.383 occ=11216.0

 Via    iy[4] : 26 gives LogL=-76.232 occ=11216.0

 End    iy[4] : 25 gives LogL=-76.255 occ=11216.0

 TB: Stats 760->25 [3.3%]  { 32679->990 [3.0%] total }

TB 350.00 ST_jh_s2 {}
 Tree based clustering
 Start  jh[2] : 96  have LogL=-79.683 occ=2057.3

 Via    jh[2] : 2 gives LogL=-79.411 occ=2057.3

 End    jh[2] : 2 gives LogL=-79.411 occ=2057.3

 TB: Stats 96->2 [2.1%]  { 32775->992 [3.0%] total }

TB 350.00 ST_jh_s3 {}
 Tree based clustering
 Start  jh[3] : 96  have LogL=-75.194 occ=3119.2

 Via    jh[3] : 4 gives LogL=-73.953 occ=3119.2

 End    jh[3] : 4 gives LogL=-73.953 occ=3119.2

 TB: Stats 96->4 [4.2%]  { 32871->996 [3.0%] total }

TB 350.00 ST_jh_s4 {}
 Tree based clustering
 Start  jh[4] : 96  have LogL=-80.258 occ=2314.1

 Via    jh[4] : 10 gives LogL=-76.729 occ=2314.1

 End    jh[4] : 8 gives LogL=-76.877 occ=2314.1

 TB: Stats 96->8 [8.3%]  { 32967->1004 [3.0%] total }

TB 350.00 ST_k_s2 {}
 Tree based clustering
 Start   k[2] : 133  have LogL=-84.130 occ=4958.4

 Via     k[2] : 11 gives LogL=-82.524 occ=4958.4

 End     k[2] : 9 gives LogL=-82.609 occ=4958.4

 TB: Stats 133->9 [6.8%]  { 33100->1013 [3.1%] total }

TB 350.00 ST_k_s3 {}
 Tree based clustering
 Start   k[3] : 133  have LogL=-83.262 occ=9018.0

 Via     k[3] : 18 gives LogL=-80.741 occ=9018.0

 End     k[3] : 13 gives LogL=-80.839 occ=9018.0

 TB: Stats 133->13 [9.8%]  { 33233->1026 [3.1%] total }

TB 350.00 ST_k_s4 {}
 Tree based clustering
 Start   k[4] : 133  have LogL=-82.940 occ=9601.4

 Via     k[4] : 25 gives LogL=-79.620 occ=9601.4

 End     k[4] : 18 gives LogL=-79.787 occ=9601.4

 TB: Stats 133->18 [13.5%]  { 33366->1044 [3.1%] total }

TB 350.00 ST_kcl_s2 {}
 Tree based clustering
 Start kcl[2] : 211  have LogL=-88.783 occ=7287.3

 Via   kcl[2] : 17 gives LogL=-84.944 occ=7287.3

 End   kcl[2] : 13 gives LogL=-85.041 occ=7287.3

 TB: Stats 211->13 [6.2%]  { 33577->1057 [3.1%] total }

TB 350.00 ST_kcl_s3 {}
 Tree based clustering
 Start kcl[3] : 211  have LogL=-85.252 occ=6261.6

 Via   kcl[3] : 13 gives LogL=-83.063 occ=6261.6

 End   kcl[3] : 9 gives LogL=-83.146 occ=6261.6

 TB: Stats 211->9 [4.3%]  { 33788->1066 [3.2%] total }

TB 350.00 ST_kcl_s4 {}
 Tree based clustering
 Start kcl[4] : 211  have LogL=-80.296 occ=9494.6

 Via   kcl[4] : 13 gives LogL=-78.844 occ=9494.6

 End   kcl[4] : 11 gives LogL=-78.866 occ=9494.6

 TB: Stats 211->11 [5.2%]  { 33999->1077 [3.2%] total }

TB 350.00 ST_l_s2 {}
 Tree based clustering
 Start   l[2] : 712  have LogL=-80.772 occ=10099.3

 Via     l[2] : 25 gives LogL=-75.888 occ=10099.3

 End     l[2] : 18 gives LogL=-76.060 occ=10099.3

 TB: Stats 712->18 [2.5%]  { 34711->1095 [3.2%] total }

TB 350.00 ST_l_s3 {}
 Tree based clustering
 Start   l[3] : 712  have LogL=-76.796 occ=13886.2

 Via     l[3] : 28 gives LogL=-73.871 occ=13886.2

 End     l[3] : 20 gives LogL=-74.027 occ=13886.2

 TB: Stats 712->20 [2.8%]  { 35423->1115 [3.1%] total }

TB 350.00 ST_l_s4 {}
 Tree based clustering
 Start   l[4] : 712  have LogL=-81.362 occ=8556.0

 Via     l[4] : 21 gives LogL=-76.286 occ=8556.0

 End     l[4] : 18 gives LogL=-76.353 occ=8556.0

 TB: Stats 712->18 [2.5%]  { 36135->1133 [3.1%] total }

TB 350.00 ST_m_s2 {}
 Tree based clustering
 Start   m[2] : 695  have LogL=-79.977 occ=6095.0

 Via     m[2] : 19 gives LogL=-75.947 occ=6095.0

 End     m[2] : 14 gives LogL=-76.128 occ=6095.0

 TB: Stats 695->14 [2.0%]  { 36830->1147 [3.1%] total }

TB 350.00 ST_m_s3 {}
 Tree based clustering
 Start   m[3] : 695  have LogL=-74.055 occ=11016.5

 Via     m[3] : 23 gives LogL=-71.313 occ=11016.5

 End     m[3] : 17 gives LogL=-71.443 occ=11016.5

 TB: Stats 695->17 [2.4%]  { 37525->1164 [3.1%] total }

TB 350.00 ST_m_s4 {}
 Tree based clustering
 Start   m[4] : 695  have LogL=-81.798 occ=6045.2

 Via     m[4] : 17 gives LogL=-77.432 occ=6045.2

 End     m[4] : 15 gives LogL=-77.525 occ=6045.2

 TB: Stats 695->15 [2.2%]  { 38220->1179 [3.1%] total }

TB 350.00 ST_n_s2 {}
 Tree based clustering
 Start   n[2] : 796  have LogL=-78.276 occ=10955.7

 Via     n[2] : 21 gives LogL=-75.864 occ=10955.7

 End     n[2] : 14 gives LogL=-76.025 occ=10955.7

 TB: Stats 796->14 [1.8%]  { 39016->1193 [3.1%] total }

TB 350.00 ST_n_s3 {}
 Tree based clustering
 Start   n[3] : 796  have LogL=-76.784 occ=15425.4

 Via     n[3] : 25 gives LogL=-74.627 occ=15425.4

 End     n[3] : 19 gives LogL=-74.725 occ=15425.4

 TB: Stats 796->19 [2.4%]  { 39812->1212 [3.0%] total }

TB 350.00 ST_n_s4 {}
 Tree based clustering
 Start   n[4] : 796  have LogL=-83.111 occ=10348.7

 Via     n[4] : 25 gives LogL=-79.254 occ=10348.7

 End     n[4] : 19 gives LogL=-79.408 occ=10348.7

 TB: Stats 796->19 [2.4%]  { 40608->1231 [3.0%] total }

TB 350.00 ST_ng_s2 {}
 Tree based clustering
 Start  ng[2] : 206  have LogL=-77.008 occ=3014.3

 Via    ng[2] : 6 gives LogL=-75.577 occ=3014.3

 End    ng[2] : 5 gives LogL=-75.620 occ=3014.3

 TB: Stats 206->5 [2.4%]  { 40814->1236 [3.0%] total }

TB 350.00 ST_ng_s3 {}
 Tree based clustering
 Start  ng[3] : 206  have LogL=-75.844 occ=4009.5

 Via    ng[3] : 7 gives LogL=-74.763 occ=4009.5

 End    ng[3] : 6 gives LogL=-74.797 occ=4009.5

 TB: Stats 206->6 [2.9%]  { 41020->1242 [3.0%] total }

TB 350.00 ST_ng_s4 {}
 Tree based clustering
 Start  ng[4] : 206  have LogL=-82.559 occ=2679.1

 Via    ng[4] : 6 gives LogL=-80.213 occ=2679.1

 End    ng[4] : 5 gives LogL=-80.322 occ=2679.1

 TB: Stats 206->5 [2.4%]  { 41226->1247 [3.0%] total }

TB 350.00 ST_nx_s2 {}
 Tree based clustering
 Start  nx[2] : 166  have LogL=-73.913 occ=1084.6

 Via    nx[2] : 1 gives LogL=-73.913 occ=1084.6

 End    nx[2] : 1 gives LogL=-73.913 occ=1084.6

 TB: Stats 166->1 [0.6%]  { 41392->1248 [3.0%] total }

TB 350.00 ST_nx_s3 {}
 Tree based clustering
 Start  nx[3] : 166  have LogL=-77.455 occ=1225.4

 Via    nx[3] : 3 gives LogL=-76.722 occ=1225.4

 End    nx[3] : 3 gives LogL=-76.722 occ=1225.4

 TB: Stats 166->3 [1.8%]  { 41558->1251 [3.0%] total }

TB 350.00 ST_nx_s4 {}
 Tree based clustering
 Start  nx[4] : 166  have LogL=-74.336 occ=1140.5

 Via    nx[4] : 3 gives LogL=-73.152 occ=1140.5

 End    nx[4] : 3 gives LogL=-73.152 occ=1140.5

 TB: Stats 166->3 [1.8%]  { 41724->1254 [3.0%] total }

TB 350.00 ST_ow_s2 {}
 Tree based clustering
 Start  ow[2] : 367  have LogL=-76.433 occ=5054.3

 Via    ow[2] : 16 gives LogL=-73.389 occ=5054.3

 End    ow[2] : 13 gives LogL=-73.547 occ=5054.3

 TB: Stats 367->13 [3.5%]  { 42091->1267 [3.0%] total }

TB 350.00 ST_ow_s3 {}
 Tree based clustering
 Start  ow[3] : 367  have LogL=-64.368 occ=10716.1

 Via    ow[3] : 23 gives LogL=-62.585 occ=10716.1

 End    ow[3] : 17 gives LogL=-62.748 occ=10716.1

 TB: Stats 367->17 [4.6%]  { 42458->1284 [3.0%] total }

TB 350.00 ST_ow_s4 {}
 Tree based clustering
 Start  ow[4] : 367  have LogL=-80.523 occ=4667.4

 Via    ow[4] : 18 gives LogL=-76.869 occ=4667.4

 End    ow[4] : 13 gives LogL=-77.162 occ=4667.4

 TB: Stats 367->13 [3.5%]  { 42825->1297 [3.0%] total }

TB 350.00 ST_oy_s2 {}
 Tree based clustering
 Start  oy[2] : 86  have LogL=-73.038 occ=1690.1

 Via    oy[2] : 7 gives LogL=-70.698 occ=1690.1

 End    oy[2] : 6 gives LogL=-70.858 occ=1690.1

 TB: Stats 86->6 [7.0%]  { 42911->1303 [3.0%] total }

TB 350.00 ST_oy_s3 {}
 Tree based clustering
 Start  oy[3] : 86  have LogL=-69.518 occ=1301.2

 Via    oy[3] : 3 gives LogL=-68.668 occ=1301.2

 End    oy[3] : 3 gives LogL=-68.668 occ=1301.2

 TB: Stats 86->3 [3.5%]  { 42997->1306 [3.0%] total }

TB 350.00 ST_oy_s4 {}
 Tree based clustering
 Start  oy[4] : 86  have LogL=-75.764 occ=1597.4

 Via    oy[4] : 5 gives LogL=-73.886 occ=1597.4

 End    oy[4] : 4 gives LogL=-74.078 occ=1597.4

 TB: Stats 86->4 [4.7%]  { 43083->1310 [3.0%] total }

TB 350.00 ST_p_s2 {}
 Tree based clustering
 Start   p[2] : 117  have LogL=-72.537 occ=4671.6

 Via     p[2] : 5 gives LogL=-71.866 occ=4671.6

 End     p[2] : 4 gives LogL=-71.905 occ=4671.6

 TB: Stats 117->4 [3.4%]  { 43200->1314 [3.0%] total }

TB 350.00 ST_p_s3 {}
 Tree based clustering
 Start   p[3] : 117  have LogL=-78.683 occ=7682.1

 Via     p[3] : 19 gives LogL=-76.794 occ=7682.1

 End     p[3] : 13 gives LogL=-76.917 occ=7682.1

 TB: Stats 117->13 [11.1%]  { 43317->1327 [3.1%] total }

TB 350.00 ST_p_s4 {}
 Tree based clustering
 Start   p[4] : 117  have LogL=-83.082 occ=4124.4

 Via     p[4] : 15 gives LogL=-79.987 occ=4124.4

 End     p[4] : 10 gives LogL=-80.231 occ=4124.4

 TB: Stats 117->10 [8.5%]  { 43434->1337 [3.1%] total }

TB 350.00 ST_pau_s2 {}
 Tree based clustering
 Start pau[2] : 400  have LogL=-78.715 occ=4314.4

 Via   pau[2] : 7 gives LogL=-77.786 occ=4314.4

 End   pau[2] : 5 gives LogL=-77.925 occ=4314.4

 TB: Stats 400->5 [1.2%]  { 43834->1342 [3.1%] total }

TB 350.00 ST_pau_s3 {}
 Tree based clustering
 Start pau[3] : 400  have LogL=-66.035 occ=7965.0

 Via   pau[3] : 7 gives LogL=-65.699 occ=7965.0

 End   pau[3] : 6 gives LogL=-65.720 occ=7965.0

 TB: Stats 400->6 [1.5%]  { 44234->1348 [3.0%] total }

TB 350.00 ST_pau_s4 {}
 Tree based clustering
 Start pau[4] : 400  have LogL=-80.343 occ=2867.0

 Via   pau[4] : 4 gives LogL=-79.713 occ=2867.0

 End   pau[4] : 4 gives LogL=-79.713 occ=2867.0

 TB: Stats 400->4 [1.0%]  { 44634->1352 [3.0%] total }

TB 350.00 ST_pcl_s2 {}
 Tree based clustering
 Start pcl[2] : 159  have LogL=-86.165 occ=4136.8

 Via   pcl[2] : 20 gives LogL=-80.748 occ=4136.8

 End   pcl[2] : 14 gives LogL=-81.080 occ=4136.8

 TB: Stats 159->14 [8.8%]  { 44793->1366 [3.0%] total }

TB 350.00 ST_pcl_s3 {}
 Tree based clustering
 Start pcl[3] : 159  have LogL=-79.274 occ=3948.9

 Via   pcl[3] : 11 gives LogL=-75.954 occ=3948.9

 End   pcl[3] : 7 gives LogL=-76.195 occ=3948.9

 TB: Stats 159->7 [4.4%]  { 44952->1373 [3.1%] total }

TB 350.00 ST_pcl_s4 {}
 Tree based clustering
 Start pcl[4] : 159  have LogL=-70.530 occ=6644.3

 Via   pcl[4] : 10 gives LogL=-68.753 occ=6644.3

 End   pcl[4] : 8 gives LogL=-68.817 occ=6644.3

 TB: Stats 159->8 [5.0%]  { 45111->1381 [3.1%] total }

TB 350.00 ST_q_s2 {}
 Tree based clustering
 Start   q[2] : 623  have LogL=-91.382 occ=5311.3

 Via     q[2] : 9 gives LogL=-89.669 occ=5311.3

 End     q[2] : 8 gives LogL=-89.717 occ=5311.3

 TB: Stats 623->8 [1.3%]  { 45734->1389 [3.0%] total }

TB 350.00 ST_q_s3 {}
 Tree based clustering
 Start   q[3] : 623  have LogL=-85.645 occ=3981.7

 Via     q[3] : 4 gives LogL=-84.651 occ=3981.7

 End     q[3] : 4 gives LogL=-84.651 occ=3981.7

 TB: Stats 623->4 [0.6%]  { 46357->1393 [3.0%] total }

TB 350.00 ST_q_s4 {}
 Tree based clustering
 Start   q[4] : 623  have LogL=-82.853 occ=4466.5

 Via     q[4] : 14 gives LogL=-80.459 occ=4466.5

 End     q[4] : 10 gives LogL=-80.631 occ=4466.5

 TB: Stats 623->10 [1.6%]  { 46980->1403 [3.0%] total }

TB 350.00 ST_r_s2 {}
 Tree based clustering
 Start   r[2] : 577  have LogL=-80.923 occ=9199.8

 Via     r[2] : 25 gives LogL=-75.999 occ=9199.8

 End     r[2] : 19 gives LogL=-76.180 occ=9199.8

 TB: Stats 577->19 [3.3%]  { 47557->1422 [3.0%] total }

TB 350.00 ST_r_s3 {}
 Tree based clustering
 Start   r[3] : 577  have LogL=-77.954 occ=8805.4

 Via     r[3] : 25 gives LogL=-74.277 occ=8805.4

 End     r[3] : 19 gives LogL=-74.467 occ=8805.4

 TB: Stats 577->19 [3.3%]  { 48134->1441 [3.0%] total }

TB 350.00 ST_r_s4 {}
 Tree based clustering
 Start   r[4] : 577  have LogL=-79.451 occ=8325.8

 Via     r[4] : 21 gives LogL=-75.212 occ=8325.8

 End     r[4] : 18 gives LogL=-75.299 occ=8325.8

 TB: Stats 577->18 [3.1%]  { 48711->1459 [3.0%] total }

TB 350.00 ST_s_s2 {}
 Tree based clustering
 Start   s[2] : 978  have LogL=-80.932 occ=18064.6

 Via     s[2] : 31 gives LogL=-78.067 occ=18064.6

 End     s[2] : 24 gives LogL=-78.162 occ=18064.6

 TB: Stats 978->24 [2.5%]  { 49689->1483 [3.0%] total }

TB 350.00 ST_s_s3 {}
 Tree based clustering
 Start   s[3] : 978  have LogL=-66.919 occ=37469.8

 Via     s[3] : 18 gives LogL=-66.263 occ=37469.8

 End     s[3] : 15 gives LogL=-66.286 occ=37469.8

 TB: Stats 978->15 [1.5%]  { 50667->1498 [3.0%] total }

TB 350.00 ST_s_s4 {}
 Tree based clustering
 Start   s[4] : 978  have LogL=-80.986 occ=17437.3

 Via     s[4] : 28 gives LogL=-77.313 occ=17437.3

 End     s[4] : 23 gives LogL=-77.390 occ=17437.3

 TB: Stats 978->23 [2.4%]  { 51645->1521 [2.9%] total }

TB 350.00 ST_sh_s2 {}
 Tree based clustering
 Start  sh[2] : 363  have LogL=-78.967 occ=4103.0

 Via    sh[2] : 10 gives LogL=-76.636 occ=4103.0

 End    sh[2] : 7 gives LogL=-76.786 occ=4103.0

 TB: Stats 363->7 [1.9%]  { 52008->1528 [2.9%] total }

TB 350.00 ST_sh_s3 {}
 Tree based clustering
 Start  sh[3] : 363  have LogL=-65.240 occ=9079.4

 Via    sh[3] : 8 gives LogL=-64.758 occ=9079.4

 End    sh[3] : 8 gives LogL=-64.758 occ=9079.4

 TB: Stats 363->8 [2.2%]  { 52371->1536 [2.9%] total }

TB 350.00 ST_sh_s4 {}
 Tree based clustering
 Start  sh[4] : 363  have LogL=-79.247 occ=3729.7

 Via    sh[4] : 8 gives LogL=-77.031 occ=3729.7

 End    sh[4] : 6 gives LogL=-77.169 occ=3729.7

 TB: Stats 363->6 [1.7%]  { 52734->1542 [2.9%] total }

TB 350.00 ST_t_s2 {}
 Tree based clustering
 Start   t[2] : 164  have LogL=-79.256 occ=6739.6

 Via     t[2] : 9 gives LogL=-78.362 occ=6739.6

 End     t[2] : 6 gives LogL=-78.452 occ=6739.6

 TB: Stats 164->6 [3.7%]  { 52898->1548 [2.9%] total }

TB 350.00 ST_t_s3 {}
 Tree based clustering
 Start   t[3] : 164  have LogL=-78.878 occ=9064.2

 Via     t[3] : 12 gives LogL=-77.572 occ=9064.2

 End     t[3] : 9 gives LogL=-77.646 occ=9064.2

 TB: Stats 164->9 [5.5%]  { 53062->1557 [2.9%] total }

TB 350.00 ST_t_s4 {}
 Tree based clustering
 Start   t[4] : 164  have LogL=-82.115 occ=7921.8

 Via     t[4] : 19 gives LogL=-79.122 occ=7921.8

 End     t[4] : 13 gives LogL=-79.293 occ=7921.8

 TB: Stats 164->13 [7.9%]  { 53226->1570 [2.9%] total }

TB 350.00 ST_tcl_s2 {}
 Tree based clustering
 Start tcl[2] : 440  have LogL=-87.764 occ=8980.6

 Via   tcl[2] : 22 gives LogL=-83.192 occ=8980.6

 End   tcl[2] : 17 gives LogL=-83.311 occ=8980.6

 TB: Stats 440->17 [3.9%]  { 53666->1587 [3.0%] total }

TB 350.00 ST_tcl_s3 {}
 Tree based clustering
 Start tcl[3] : 440  have LogL=-82.402 occ=7737.8

 Via   tcl[3] : 15 gives LogL=-79.310 occ=7737.8

 End   tcl[3] : 12 gives LogL=-79.393 occ=7737.8

 TB: Stats 440->12 [2.7%]  { 54106->1599 [3.0%] total }

TB 350.00 ST_tcl_s4 {}
 Tree based clustering
 Start tcl[4] : 440  have LogL=-79.485 occ=9887.1

 Via   tcl[4] : 14 gives LogL=-77.455 occ=9887.1

 End   tcl[4] : 12 gives LogL=-77.500 occ=9887.1

 TB: Stats 440->12 [2.7%]  { 54546->1611 [3.0%] total }

TB 350.00 ST_th_s2 {}
 Tree based clustering
 Start  th[2] : 295  have LogL=-82.000 occ=1780.1

 Via    th[2] : 3 gives LogL=-81.075 occ=1780.1

 End    th[2] : 3 gives LogL=-81.075 occ=1780.1

 TB: Stats 295->3 [1.0%]  { 54841->1614 [2.9%] total }

TB 350.00 ST_th_s3 {}
 Tree based clustering
 Start  th[3] : 295  have LogL=-71.861 occ=3561.2

 Via    th[3] : 2 gives LogL=-71.703 occ=3561.2

 End    th[3] : 2 gives LogL=-71.703 occ=3561.2

 TB: Stats 295->2 [0.7%]  { 55136->1616 [2.9%] total }

TB 350.00 ST_th_s4 {}
 Tree based clustering
 Start  th[4] : 295  have LogL=-81.624 occ=1788.5

 Via    th[4] : 3 gives LogL=-80.364 occ=1788.5

 End    th[4] : 3 gives LogL=-80.364 occ=1788.5

 TB: Stats 295->3 [1.0%]  { 55431->1619 [2.9%] total }

TB 350.00 ST_uh_s2 {}
 Tree based clustering
 Start  uh[2] : 146  have LogL=-80.878 occ=795.7

 Via    uh[2] : 3 gives LogL=-79.204 occ=795.7

 End    uh[2] : 3 gives LogL=-79.204 occ=795.7

 TB: Stats 146->3 [2.1%]  { 55577->1622 [2.9%] total }

TB 350.00 ST_uh_s3 {}
 Tree based clustering
 Start  uh[3] : 146  have LogL=-73.907 occ=1449.1

 Via    uh[3] : 5 gives LogL=-72.237 occ=1449.1

 End    uh[3] : 4 gives LogL=-72.471 occ=1449.1

 TB: Stats 146->4 [2.7%]  { 55723->1626 [2.9%] total }

TB 350.00 ST_uh_s4 {}
 Tree based clustering
 Start  uh[4] : 146  have LogL=-82.287 occ=671.6

 Via    uh[4] : 4 gives LogL=-79.733 occ=671.6

 End    uh[4] : 4 gives LogL=-79.733 occ=671.6

 TB: Stats 146->4 [2.7%]  { 55869->1630 [2.9%] total }

TB 350.00 ST_uw_s2 {}
 Tree based clustering
 Start  uw[2] : 195  have LogL=-80.623 occ=1361.1

 Via    uw[2] : 4 gives LogL=-78.579 occ=1361.1

 End    uw[2] : 4 gives LogL=-78.579 occ=1361.1

 TB: Stats 195->4 [2.1%]  { 56064->1634 [2.9%] total }

TB 350.00 ST_uw_s3 {}
 Tree based clustering
 Start  uw[3] : 195  have LogL=-66.554 occ=2901.0

 Via    uw[3] : 7 gives LogL=-64.868 occ=2901.0

 End    uw[3] : 7 gives LogL=-64.868 occ=2901.0

 TB: Stats 195->7 [3.6%]  { 56259->1641 [2.9%] total }

TB 350.00 ST_uw_s4 {}
 Tree based clustering
 Start  uw[4] : 195  have LogL=-78.503 occ=1235.4

 Via    uw[4] : 4 gives LogL=-76.286 occ=1235.4

 End    uw[4] : 4 gives LogL=-76.286 occ=1235.4

 TB: Stats 195->4 [2.1%]  { 56454->1645 [2.9%] total }

TB 350.00 ST_ux_s2 {}
 Tree based clustering
 Start  ux[2] : 296  have LogL=-77.558 occ=2623.5

 Via    ux[2] : 8 gives LogL=-74.637 occ=2623.5

 End    ux[2] : 7 gives LogL=-74.763 occ=2623.5

 TB: Stats 296->7 [2.4%]  { 56750->1652 [2.9%] total }

TB 350.00 ST_ux_s3 {}
 Tree based clustering
 Start  ux[3] : 296  have LogL=-65.667 occ=6777.0

 Via    ux[3] : 25 gives LogL=-63.231 occ=6777.0

 End    ux[3] : 15 gives LogL=-63.619 occ=6777.0

 TB: Stats 296->15 [5.1%]  { 57046->1667 [2.9%] total }

TB 350.00 ST_ux_s4 {}
 Tree based clustering
 Start  ux[4] : 296  have LogL=-79.802 occ=3207.2

 Via    ux[4] : 12 gives LogL=-76.246 occ=3207.2

 End    ux[4] : 11 gives LogL=-76.343 occ=3207.2

 TB: Stats 296->11 [3.7%]  { 57342->1678 [2.9%] total }

TB 350.00 ST_v_s2 {}
 Tree based clustering
 Start   v[2] : 473  have LogL=-75.990 occ=3145.2

 Via     v[2] : 11 gives LogL=-73.512 occ=3145.2

 End     v[2] : 8 gives LogL=-73.755 occ=3145.2

 TB: Stats 473->8 [1.7%]  { 57815->1686 [2.9%] total }

TB 350.00 ST_v_s3 {}
 Tree based clustering
 Start   v[3] : 473  have LogL=-75.311 occ=3582.6

 Via     v[3] : 8 gives LogL=-73.972 occ=3582.6

 End     v[3] : 7 gives LogL=-74.024 occ=3582.6

 TB: Stats 473->7 [1.5%]  { 58288->1693 [2.9%] total }

TB 350.00 ST_v_s4 {}
 Tree based clustering
 Start   v[4] : 473  have LogL=-79.656 occ=4620.5

 Via     v[4] : 14 gives LogL=-77.293 occ=4620.5

 End     v[4] : 10 gives LogL=-77.483 occ=4620.5

 TB: Stats 473->10 [2.1%]  { 58761->1703 [2.9%] total }

TB 350.00 ST_w_s2 {}
 Tree based clustering
 Start   w[2] : 471  have LogL=-82.968 occ=4506.2

 Via     w[2] : 12 gives LogL=-79.363 occ=4506.2

 End     w[2] : 11 gives LogL=-79.439 occ=4506.2

 TB: Stats 471->11 [2.3%]  { 59232->1714 [2.9%] total }

TB 350.00 ST_w_s3 {}
 Tree based clustering
 Start   w[3] : 471  have LogL=-77.429 occ=7311.8

 Via     w[3] : 14 gives LogL=-74.865 occ=7311.8

 End     w[3] : 10 gives LogL=-75.016 occ=7311.8

 TB: Stats 471->10 [2.1%]  { 59703->1724 [2.9%] total }

TB 350.00 ST_w_s4 {}
 Tree based clustering
 Start   w[4] : 471  have LogL=-79.915 occ=5220.5

 Via     w[4] : 22 gives LogL=-76.464 occ=5220.5

 End     w[4] : 14 gives LogL=-76.778 occ=5220.5

 TB: Stats 471->14 [3.0%]  { 60174->1738 [2.9%] total }

TB 350.00 ST_y_s2 {}
 Tree based clustering
 Start   y[2] : 277  have LogL=-80.645 occ=2223.1

 Via     y[2] : 6 gives LogL=-77.538 occ=2223.1

 End     y[2] : 6 gives LogL=-77.538 occ=2223.1

 TB: Stats 277->6 [2.2%]  { 60451->1744 [2.9%] total }

TB 350.00 ST_y_s3 {}
 Tree based clustering
 Start   y[3] : 277  have LogL=-71.030 occ=3264.2

 Via     y[3] : 8 gives LogL=-68.548 occ=3264.2

 End     y[3] : 7 gives LogL=-68.647 occ=3264.2

 TB: Stats 277->7 [2.5%]  { 60728->1751 [2.9%] total }

TB 350.00 ST_y_s4 {}
 Tree based clustering
 Start   y[4] : 277  have LogL=-73.331 occ=2199.2

 Via     y[4] : 5 gives LogL=-71.640 occ=2199.2

 End     y[4] : 4 gives LogL=-71.773 occ=2199.2

 TB: Stats 277->4 [1.4%]  { 61005->1755 [2.9%] total }

TB 350.00 ST_z_s2 {}
 Tree based clustering
 Start   z[2] : 710  have LogL=-80.183 occ=10661.8

 Via     z[2] : 21 gives LogL=-77.891 occ=10661.8

 End     z[2] : 15 gives LogL=-78.046 occ=10661.8

 TB: Stats 710->15 [2.1%]  { 61715->1770 [2.9%] total }

TB 350.00 ST_z_s3 {}
 Tree based clustering
 Start   z[3] : 710  have LogL=-73.716 occ=15034.3

 Via     z[3] : 18 gives LogL=-72.315 occ=15034.3

 End     z[3] : 14 gives LogL=-72.390 occ=15034.3

 TB: Stats 710->14 [2.0%]  { 62425->1784 [2.9%] total }

TB 350.00 ST_z_s4 {}
 Tree based clustering
 Start   z[4] : 710  have LogL=-81.857 occ=9658.5

 Via     z[4] : 20 gives LogL=-78.313 occ=9658.5

 End     z[4] : 18 gives LogL=-78.354 occ=9658.5

 TB: Stats 710->18 [2.5%]  { 63135->1802 [2.9%] total }

TB 350.00 ST_zh_s2 {}
 Tree based clustering
 Start  zh[2] : 83  have LogL=-75.686 occ=444.2

 Via    zh[2] : 1 gives LogL=-75.686 occ=444.2

 End    zh[2] : 1 gives LogL=-75.686 occ=444.2

 TB: Stats 83->1 [1.2%]  { 63218->1803 [2.9%] total }

TB 350.00 ST_zh_s3 {}
 Tree based clustering
 Start  zh[3] : 83  have LogL=-72.493 occ=612.6

 Via    zh[3] : 1 gives LogL=-72.493 occ=612.6

 End    zh[3] : 1 gives LogL=-72.493 occ=612.6

 TB: Stats 83->1 [1.2%]  { 63301->1804 [2.8%] total }

TB 350.00 ST_zh_s4 {}
 Tree based clustering
 Start  zh[4] : 83  have LogL=-77.401 occ=457.0

 Via    zh[4] : 2 gives LogL=-76.336 occ=457.0

 End    zh[4] : 2 gives LogL=-76.336 occ=457.0

 TB: Stats 83->2 [2.4%]  { 63384->1806 [2.8%] total }

AU allTriphones
 Creating HMMset using trees to add unseen triphones
 AU: 223261 Log/223261 Phys created from 21128 Log/21128 Phys
